Process: Sucessfully opened file [src/lab03.chess]
Process: Files Initialized.
Placement: Adding [Rla1] White Rook was placed at a1.
Placement: Adding [Nlb1] White Knight was placed at b1.
Placement: Adding [Blc1] White Bishop was placed at c1.
Placement: Adding [Kle1] White King was placed at e1.
Placement: Adding [Qld1] White Queen was placed at d1.
Placement: Adding [Blf1] White Bishop was placed at f1.
Placement: Adding [Nlg1] White Knight was placed at g1.
Placement: Adding [Rlh1] White Rook was placed at h1.
Placement: Adding [Pla2] White Pawn was placed at a2.
Placement: Adding [Plb2] White Pawn was placed at b2.
Placement: Adding [Plc2] White Pawn was placed at c2.
Placement: Adding [Pld2] White Pawn was placed at d2.
Placement: Adding [Ple2] White Pawn was placed at e2.
Placement: Adding [Plf2] White Pawn was placed at f2.
Placement: Adding [Plg2] White Pawn was placed at g2.
Placement: Adding [Plh2] White Pawn was placed at h2.
Placement: Adding [Rda8] Black Rook was placed at a8.
Placement: Adding [Ndb8] Black Knight was placed at b8.
Placement: Adding [Bdc8] Black Bishop was placed at c8.
Placement: Adding [Kde8] Black King was placed at e8.
Placement: Adding [Qdd8] Black Queen was placed at d8.
Placement: Adding [Bdf8] Black Bishop was placed at f8.
Placement: Adding [Ndg8] Black Knight was placed at g8.
Placement: Adding [Rdh8] Black Rook was placed at h8.
Placement: Adding [Pda7] Black Pawn was placed at a7.
Placement: Adding [Pdb7] Black Pawn was placed at b7.
Placement: Adding [Pdc7] Black Pawn was placed at c7.
Placement: Adding [Pdd7] Black Pawn was placed at d7.
Placement: Adding [Pde7] Black Pawn was placed at e7.
Placement: Adding [Pdf7] Black Pawn was placed at f7.
Placement: Adding [Pdg7] Black Pawn was placed at g7.
Placement: Adding [Pdh7] Black Pawn was placed at h7.
Movement: [a2-a4] White moves Pawn at a2 to a4.
8|r|n|b|q|k|b|n|r|
7|p|p|p|p|p|p|p|p|
6| | | | | | | | |
5| | | | | | | | |
4|P| | | | | | | |
3| | | | | | | | |
2| |P|P|P|P|P|P|P|
1|R|N|B|Q|K|B|N|R|
  A B C D E F G H 
Movement: [e7-e6] Black moves Pawn at e7 to e6.
8|r|n|b|q|k|b|n|r|
7|p|p|p|p| |p|p|p|
6| | | | |p| | | |
5| | | | | | | | |
4|P| | | | | | | |
3| | | | | | | | |
2| |P|P|P|P|P|P|P|
1|R|N|B|Q|K|B|N|R|
  A B C D E F G H 
Movement: [d2-d4] White moves Pawn at d2 to d4.
8|r|n|b|q|k|b|n|r|
7|p|p|p|p| |p|p|p|
6| | | | |p| | | |
5| | | | | | | | |
4|P| | |P| | | | |
3| | | | | | | | |
2| |P|P| |P|P|P|P|
1|R|N|B|Q|K|B|N|R|
  A B C D E F G H 
Movement: [e6-e5] Black moves Pawn at e6 to e5.
8|r|n|b|q|k|b|n|r|
7|p|p|p|p| |p|p|p|
6| | | | | | | | |
5| | | | |p| | | |
4|P| | |P| | | | |
3| | | | | | | | |
2| |P|P| |P|P|P|P|
1|R|N|B|Q|K|B|N|R|
  A B C D E F G H 
Movement: [d4xe5] White moves Pawn at d4 to e5. They capture a piece. 
8|r|n|b|q|k|b|n|r|
7|p|p|p|p| |p|p|p|
6| | | | | | | | |
5| | | | |P| | | |
4|P| | | | | | | |
3| | | | | | | | |
2| |P|P| |P|P|P|P|
1|R|N|B|Q|K|B|N|R|
  A B C D E F G H 
Movement: [Bf8-a3] Black moves Bishop at f8 to a3.
8|r|n|b|q|k| |n|r|
7|p|p|p|p| |p|p|p|
6| | | | | | | | |
5| | | | |P| | | |
4|P| | | | | | | |
3|b| | | | | | | |
2| |P|P| |P|P|P|P|
1|R|N|B|Q|K|B|N|R|
  A B C D E F G H 
Movement: [a4-a5] White moves Pawn at a4 to a5.
8|r|n|b|q|k| |n|r|
7|p|p|p|p| |p|p|p|
6| | | | | | | | |
5|P| | | |P| | | |
4| | | | | | | | |
3|b| | | | | | | |
2| |P|P| |P|P|P|P|
1|R|N|B|Q|K|B|N|R|
  A B C D E F G H 
Movement: [Ke8-e7] Black moves King at e8 to e7.
8|r|n|b|q| | |n|r|
7|p|p|p|p|k|p|p|p|
6| | | | | | | | |
5|P| | | |P| | | |
4| | | | | | | | |
3|b| | | | | | | |
2| |P|P| |P|P|P|P|
1|R|N|B|Q|K|B|N|R|
  A B C D E F G H 
Movement: [Qd1xd7] White moves Queen at d1 to d7. They capture a piece. 
8|r|n|b|q| | |n|r|
7|p|p|p|Q|k|p|p|p|
6| | | | | | | | |
5|P| | | |P| | | |
4| | | | | | | | |
3|b| | | | | | | |
2| |P|P| |P|P|P|P|
1|R|N|B| |K|B|N|R|
  A B C D E F G H 
Movement: [Nb8-c6] Black moves Knight at b8 to c6.
8|r| |b|q| | |n|r|
7|p|p|p|Q|k|p|p|p|
6| | |n| | | | | |
5|P| | | |P| | | |
4| | | | | | | | |
3|b| | | | | | | |
2| |P|P| |P|P|P|P|
1|R|N|B| |K|B|N|R|
  A B C D E F G H 
8|r| |b|q| | |n|r|
7|p|p|p|Q|k|p|p|p|
6| | |n| | | | | |
5|P| | | |P| | | |
4| | | | | | | | |
3|b| | | | | | | |
2| |P|P| |P|P|P|P|
1|R|N|B| |K|B|N|R|
  A B C D E F G H 
Process: Closing Files.
