Process: Sucessfully opened file [src/lab01.b.chess]
Process: Files Initialized.
Placement: Adding [Rla1] White Rook was placed at a1.
Placement: Adding [Nlb1] White Knight was placed at b1.
Placement: Adding [Blc1] White Bishop was placed at c1.
Placement: Adding [Kle1] White King was placed at e1.
Placement: Adding [Qld1] White Queen was placed at d1.
Placement: Adding [Blf1] White Bishop was placed at f1.
Placement: Adding [Nlg1] White Knight was placed at g1.
Placement: Adding [Rlh1] White Rook was placed at h1.
Placement: Adding [Pla2] White Pawn was placed at a2.
Placement: Adding [Plb2] White Pawn was placed at b2.
Placement: Adding [Plc2] White Pawn was placed at c2.
Placement: Adding [Pld2] White Pawn was placed at d2.
Placement: Adding [Ple2] White Pawn was placed at e2.
Placement: Adding [Plf2] White Pawn was placed at f2.
Placement: Adding [Plg2] White Pawn was placed at g2.
Placement: Adding [Plh2] White Pawn was placed at h2.
Placement: Adding [Rda8] Black Rook was placed at a8.
Placement: Adding [Ndb8] Black Knight was placed at b8.
Placement: Adding [Bdc8] Black Bishop was placed at c8.
Placement: Adding [Kde8] Black King was placed at e8.
Placement: Adding [Qdd8] Black Queen was placed at d8.
Placement: Adding [Bdf8] Black Bishop was placed at f8.
Placement: Adding [Ndg8] Black Knight was placed at g8.
Placement: Adding [Rdh8] Black Rook was placed at h8.
Placement: Adding [Pda7] Black Pawn was placed at a7.
Placement: Adding [Pdb7] Black Pawn was placed at b7.
Placement: Adding [Pdc7] Black Pawn was placed at c7.
Placement: Adding [Pdd7] Black Pawn was placed at d7.
Placement: Adding [Pde7] Black Pawn was placed at e7.
Placement: Adding [Pdf7] Black Pawn was placed at f7.
Placement: Adding [Pdg7] Black Pawn was placed at g7.
Placement: Adding [Pdh7] Black Pawn was placed at h7.
Movement: [f2-f4] White moves Pawn at f2 to f4.
8|r|n|b|q|k|b|n|r|
7|p|p|p|p|p|p|p|p|
6| | | | | | | | |
5| | | | | | | | |
4| | | | | |P| | |
3| | | | | | | | |
2|P|P|P|P|P| |P|P|
1|R|N|B|Q|K|B|N|R|
  A B C D E F G H 
Movement: [e7-e5] Black moves Pawn at e7 to e5.
8|r|n|b|q|k|b|n|r|
7|p|p|p|p| |p|p|p|
6| | | | | | | | |
5| | | | |p| | | |
4| | | | | |P| | |
3| | | | | | | | |
2|P|P|P|P|P| |P|P|
1|R|N|B|Q|K|B|N|R|
  A B C D E F G H 
Movement: [f4xe5] White moves Pawn at f4 to e5. They capture a piece. 
8|r|n|b|q|k|b|n|r|
7|p|p|p|p| |p|p|p|
6| | | | | | | | |
5| | | | |P| | | |
4| | | | | | | | |
3| | | | | | | | |
2|P|P|P|P|P| |P|P|
1|R|N|B|Q|K|B|N|R|
  A B C D E F G H 
Movement: [d7-d6] Black moves Pawn at d7 to d6.
8|r|n|b|q|k|b|n|r|
7|p|p|p| | |p|p|p|
6| | | |p| | | | |
5| | | | |P| | | |
4| | | | | | | | |
3| | | | | | | | |
2|P|P|P|P|P| |P|P|
1|R|N|B|Q|K|B|N|R|
  A B C D E F G H 
Movement: [e5xd6] White moves Pawn at e5 to d6. They capture a piece. 
8|r|n|b|q|k|b|n|r|
7|p|p|p| | |p|p|p|
6| | | |P| | | | |
5| | | | | | | | |
4| | | | | | | | |
3| | | | | | | | |
2|P|P|P|P|P| |P|P|
1|R|N|B|Q|K|B|N|R|
  A B C D E F G H 
Movement: [Bf8xd6] Black moves Bishop at f8 to d6. They capture a piece. 
8|r|n|b|q|k| |n|r|
7|p|p|p| | |p|p|p|
6| | | |b| | | | |
5| | | | | | | | |
4| | | | | | | | |
3| | | | | | | | |
2|P|P|P|P|P| |P|P|
1|R|N|B|Q|K|B|N|R|
  A B C D E F G H 
Movement: [g2-g3] White moves Pawn at g2 to g3.
8|r|n|b|q|k| |n|r|
7|p|p|p| | |p|p|p|
6| | | |b| | | | |
5| | | | | | | | |
4| | | | | | | | |
3| | | | | | |P| |
2|P|P|P|P|P| | |P|
1|R|N|B|Q|K|B|N|R|
  A B C D E F G H 
Movement: [Qd8-g5] Black moves Queen at d8 to g5.
8|r|n|b| |k| |n|r|
7|p|p|p| | |p|p|p|
6| | | |b| | | | |
5| | | | | | |q| |
4| | | | | | | | |
3| | | | | | |P| |
2|P|P|P|P|P| | |P|
1|R|N|B|Q|K|B|N|R|
  A B C D E F G H 
Movement: [Ng1-f3] White moves Knight at g1 to f3.
8|r|n|b| |k| |n|r|
7|p|p|p| | |p|p|p|
6| | | |b| | | | |
5| | | | | | |q| |
4| | | | | | | | |
3| | | | | |N|P| |
2|P|P|P|P|P| | |P|
1|R|N|B|Q|K|B| |R|
  A B C D E F G H 
Movement: [Qg5xg3+] Black moves Queen at g5 to g3. They capture a piece.  Check!
8|r|n|b| |k| |n|r|
7|p|p|p| | |p|p|p|
6| | | |b| | | | |
5| | | | | | | | |
4| | | | | | | | |
3| | | | | |N|q| |
2|P|P|P|P|P| | |P|
1|R|N|B|Q|K|B| |R|
  A B C D E F G H 
Movement: [h2xg3] White moves Pawn at h2 to g3. They capture a piece. 
8|r|n|b| |k| |n|r|
7|p|p|p| | |p|p|p|
6| | | |b| | | | |
5| | | | | | | | |
4| | | | | | | | |
3| | | | | |N|P| |
2|P|P|P|P|P| | | |
1|R|N|B|Q|K|B| |R|
  A B C D E F G H 
Movement: [Bd6xg3#] Black moves Bishop at d6 to g3. They capture a piece.  Checkmate!
8|r|n|b| |k| |n|r|
7|p|p|p| | |p|p|p|
6| | | | | | | | |
5| | | | | | | | |
4| | | | | | | | |
3| | | | | |N|b| |
2|P|P|P|P|P| | | |
1|R|N|B|Q|K|B| |R|
  A B C D E F G H 
Movement: [a2-a3] White moves Pawn at a2 to a3.
8|r|n|b| |k| |n|r|
7|p|p|p| | |p|p|p|
6| | | | | | | | |
5| | | | | | | | |
4| | | | | | | | |
3|P| | | | |N|b| |
2| |P|P|P|P| | | |
1|R|N|B|Q|K|B| |R|
  A B C D E F G H 
Error: Skipping movement [h7xh6] You are attempting to capture a square that doesn't have a player on it.
8|r|n|b| |k| |n|r|
7|p|p|p| | |p|p|p|
6| | | | | | | | |
5| | | | | | | | |
4| | | | | | | | |
3|P| | | | |N|b| |
2| |P|P|P|P| | | |
1|R|N|B|Q|K|B| |R|
  A B C D E F G H 
Process: Closing Files.
